Moving files from RoadTalkApp to root...

Robocopy success.
Installing dependencies...
npm warn EBADENGINE Unsupported engine {
npm warn EBADENGINE   package: '@react-native/assets-registry@0.81.5',
npm warn EBADENGINE   required: { node: '>= 20.19.4' },
npm warn EBADENGINE   current: { node: 'v20.17.0', npm: '10.8.2' }
npm warn EBADENGINE }
npm warn EBADENGINE Unsupported engine {
npm warn EBADENGINE   package: '@react-native/babel-plugin-codegen@0.81.5',
npm warn EBADENGINE   required: { node: '>= 20.19.4' },
npm warn EBADENGINE   current: { node: 'v20.17.0', npm: '10.8.2' }
npm warn EBADENGINE }
npm warn EBADENGINE Unsupported engine {
npm warn EBADENGINE   package: '@react-native/babel-preset@0.81.5',
npm warn EBADENGINE   required: { node: '>= 20.19.4' },
npm warn EBADENGINE   current: { node: 'v20.17.0', npm: '10.8.2' }
npm warn EBADENGINE }
npm warn EBADENGINE Unsupported engine {
npm warn EBADENGINE   package: '@react-native/codegen@0.81.5',
npm warn EBADENGINE   required: { node: '>= 20.19.4' },
npm warn EBADENGINE   current: { node: 'v20.17.0', npm: '10.8.2' }
npm warn EBADENGINE }
npm warn EBADENGINE Unsupported engine {
npm warn EBADENGINE   package: '@react-native/community-cli-plugin@0.81.5',
npm warn EBADENGINE   required: { node: '>= 20.19.4' },
npm warn EBADENGINE   current: { node: 'v20.17.0', npm: '10.8.2' }
npm warn EBADENGINE }
npm warn EBADENGINE Unsupported engine {
npm warn EBADENGINE   package: '@react-native/debugger-frontend@0.81.5',
npm warn EBADENGINE   required: { node: '>= 20.19.4' },
npm warn EBADENGINE   current: { node: 'v20.17.0', npm: '10.8.2' }
npm warn EBADENGINE }
npm warn EBADENGINE Unsupported engine {
npm warn EBADENGINE   package: '@react-native/dev-middleware@0.81.5',
npm warn EBADENGINE   required: { node: '>= 20.19.4' },
npm warn EBADENGINE   current: { node: 'v20.17.0', npm: '10.8.2' }
npm warn EBADENGINE }
npm warn EBADENGINE Unsupported engine {
npm warn EBADENGINE   package: '@react-native/gradle-plugin@0.81.5',
npm warn EBADENGINE   required: { node: '>= 20.19.4' },
npm warn EBADENGINE   current: { node: 'v20.17.0', npm: '10.8.2' }
npm warn EBADENGINE }
npm warn EBADENGINE Unsupported engine {
npm warn EBADENGINE   package: '@react-native/js-polyfills@0.81.5',
npm warn EBADENGINE   required: { node: '>= 20.19.4' },
npm warn EBADENGINE   current: { node: 'v20.17.0', npm: '10.8.2' }
npm warn EBADENGINE }
npm warn EBADENGINE Unsupported engine {
npm warn EBADENGINE   package: '@react-native/virtualized-lists@0.81.5',
npm warn EBADENGINE   required: { node: '>= 20.19.4' },
npm warn EBADENGINE   current: { node: 'v20.17.0', npm: '10.8.2' }
npm warn EBADENGINE }
npm warn EBADENGINE Unsupported engine {
npm warn EBADENGINE   package: 'metro@0.83.3',
npm warn EBADENGINE   required: { node: '>=20.19.4' },
npm warn EBADENGINE   current: { node: 'v20.17.0', npm: '10.8.2' }
npm warn EBADENGINE }
npm warn EBADENGINE Unsupported engine {
npm warn EBADENGINE   package: 'metro-babel-transformer@0.83.3',
npm warn EBADENGINE   required: { node: '>=20.19.4' },
npm warn EBADENGINE   current: { node: 'v20.17.0', npm: '10.8.2' }
npm warn EBADENGINE }
npm warn EBADENGINE Unsupported engine {
npm warn EBADENGINE   package: 'metro-cache@0.83.3',
npm warn EBADENGINE   required: { node: '>=20.19.4' },
npm warn EBADENGINE   current: { node: 'v20.17.0', npm: '10.8.2' }
npm warn EBADENGINE }
npm warn EBADENGINE Unsupported engine {
npm warn EBADENGINE   package: 'metro-cache-key@0.83.3',
npm warn EBADENGINE   required: { node: '>=20.19.4' },
npm warn EBADENGINE   current: { node: 'v20.17.0', npm: '10.8.2' }
npm warn EBADENGINE }
npm warn EBADENGINE Unsupported engine {
npm warn EBADENGINE   package: 'metro-config@0.83.3',
npm warn EBADENGINE   required: { node: '>=20.19.4' },
npm warn EBADENGINE   current: { node: 'v20.17.0', npm: '10.8.2' }
npm warn EBADENGINE }
npm warn EBADENGINE Unsupported engine {
npm warn EBADENGINE   package: 'metro-core@0.83.3',
npm warn EBADENGINE   required: { node: '>=20.19.4' },
npm warn EBADENGINE   current: { node: 'v20.17.0', npm: '10.8.2' }
npm warn EBADENGINE }
npm warn EBADENGINE Unsupported engine {
npm warn EBADENGINE   package: 'metro-file-map@0.83.3',
npm warn EBADENGINE   required: { node: '>=20.19.4' },
npm warn EBADENGINE   current: { node: 'v20.17.0', npm: '10.8.2' }
npm warn EBADENGINE }
npm warn EBADENGINE Unsupported engine {
npm warn EBADENGINE   package: 'metro-minify-terser@0.83.3',
npm warn EBADENGINE   required: { node: '>=20.19.4' },
npm warn EBADENGINE   current: { node: 'v20.17.0', npm: '10.8.2' }
npm warn EBADENGINE }
npm warn EBADENGINE Unsupported engine {
npm warn EBADENGINE   package: 'metro-resolver@0.83.3',
npm warn EBADENGINE   required: { node: '>=20.19.4' },
npm warn EBADENGINE   current: { node: 'v20.17.0', npm: '10.8.2' }
npm warn EBADENGINE }
npm warn EBADENGINE Unsupported engine {
npm warn EBADENGINE   package: 'metro-runtime@0.83.3',
npm warn EBADENGINE   required: { node: '>=20.19.4' },
npm warn EBADENGINE   current: { node: 'v20.17.0', npm: '10.8.2' }
npm warn EBADENGINE }
npm warn EBADENGINE Unsupported engine {
npm warn EBADENGINE   package: 'metro-source-map@0.83.3',
npm warn EBADENGINE   required: { node: '>=20.19.4' },
npm warn EBADENGINE   current: { node: 'v20.17.0', npm: '10.8.2' }
npm warn EBADENGINE }
npm warn EBADENGINE Unsupported engine {
npm warn EBADENGINE   package: 'metro-symbolicate@0.83.3',
npm warn EBADENGINE   required: { node: '>=20.19.4' },
npm warn EBADENGINE   current: { node: 'v20.17.0', npm: '10.8.2' }
npm warn EBADENGINE }
npm warn EBADENGINE Unsupported engine {
npm warn EBADENGINE   package: 'metro-transform-plugins@0.83.3',
npm warn EBADENGINE   required: { node: '>=20.19.4' },
npm warn EBADENGINE   current: { node: 'v20.17.0', npm: '10.8.2' }
npm warn EBADENGINE }
npm warn EBADENGINE Unsupported engine {
npm warn EBADENGINE   package: 'metro-transform-worker@0.83.3',
npm warn EBADENGINE   required: { node: '>=20.19.4' },
npm warn EBADENGINE   current: { node: 'v20.17.0', npm: '10.8.2' }
npm warn EBADENGINE }
npm warn EBADENGINE Unsupported engine {
npm warn EBADENGINE   package: 'ob1@0.83.3',
npm warn EBADENGINE   required: { node: '>=20.19.4' },
npm warn EBADENGINE   current: { node: 'v20.17.0', npm: '10.8.2' }
npm warn EBADENGINE }
npm warn EBADENGINE Unsupported engine {
npm warn EBADENGINE   package: 'react-native@0.81.5',
npm warn EBADENGINE   required: { node: '>= 20.19.4' },
npm warn EBADENGINE   current: { node: 'v20.17.0', npm: '10.8.2' }
npm warn EBADENGINE }

added 30 packages, and audited 737 packages in 19s

67 packages are looking for funding
  run `npm fund` for details

found 0 vulnerabilities
Installing Expo modules...
env: load .env
env: export EXPO_PUBLIC_SUPABASE_URL EXPO_PUBLIC_SUPABASE_ANON_KEY
› Installing 2 other packages using npm
> npm install --save react-native-webrtc @config-plugins/react-native-webrtc
npm warn EBADENGINE Unsupported engine {
npm warn EBADENGINE   package: '@react-native/assets-registry@0.81.5',
npm warn EBADENGINE   required: { node: '>= 20.19.4' },
npm warn EBADENGINE   current: { node: 'v20.17.0', npm: '10.8.2' }
npm warn EBADENGINE }
npm warn EBADENGINE Unsupported engine {
npm warn EBADENGINE   package: '@react-native/babel-plugin-codegen@0.81.5',
npm warn EBADENGINE   required: { node: '>= 20.19.4' },
npm warn EBADENGINE   current: { node: 'v20.17.0', npm: '10.8.2' }
npm warn EBADENGINE }
npm warn EBADENGINE Unsupported engine {
npm warn EBADENGINE   package: '@react-native/babel-preset@0.81.5',
npm warn EBADENGINE   required: { node: '>= 20.19.4' },
npm warn EBADENGINE   current: { node: 'v20.17.0', npm: '10.8.2' }
npm warn EBADENGINE }
npm warn EBADENGINE Unsupported engine {
npm warn EBADENGINE   package: '@react-native/codegen@0.81.5',
npm warn EBADENGINE   required: { node: '>= 20.19.4' },
npm warn EBADENGINE   current: { node: 'v20.17.0', npm: '10.8.2' }
npm warn EBADENGINE }
npm warn EBADENGINE Unsupported engine {
npm warn EBADENGINE   package: '@react-native/community-cli-plugin@0.81.5',
npm warn EBADENGINE   required: { node: '>= 20.19.4' },
npm warn EBADENGINE   current: { node: 'v20.17.0', npm: '10.8.2' }
npm warn EBADENGINE }
npm warn EBADENGINE Unsupported engine {
npm warn EBADENGINE   package: '@react-native/debugger-frontend@0.81.5',
npm warn EBADENGINE   required: { node: '>= 20.19.4' },
npm warn EBADENGINE   current: { node: 'v20.17.0', npm: '10.8.2' }
npm warn EBADENGINE }
npm warn EBADENGINE Unsupported engine {
npm warn EBADENGINE   package: '@react-native/dev-middleware@0.81.5',
npm warn EBADENGINE   required: { node: '>= 20.19.4' },
npm warn EBADENGINE   current: { node: 'v20.17.0', npm: '10.8.2' }
npm warn EBADENGINE }
npm warn EBADENGINE Unsupported engine {
npm warn EBADENGINE   package: '@react-native/gradle-plugin@0.81.5',
npm warn EBADENGINE   required: { node: '>= 20.19.4' },
npm warn EBADENGINE   current: { node: 'v20.17.0', npm: '10.8.2' }
npm warn EBADENGINE }
npm warn EBADENGINE Unsupported engine {
npm warn EBADENGINE   package: '@react-native/js-polyfills@0.81.5',
npm warn EBADENGINE   required: { node: '>= 20.19.4' },
npm warn EBADENGINE   current: { node: 'v20.17.0', npm: '10.8.2' }
npm warn EBADENGINE }
npm warn EBADENGINE Unsupported engine {
npm warn EBADENGINE   package: '@react-native/virtualized-lists@0.81.5',
npm warn EBADENGINE   required: { node: '>= 20.19.4' },
npm warn EBADENGINE   current: { node: 'v20.17.0', npm: '10.8.2' }
npm warn EBADENGINE }
npm warn EBADENGINE Unsupported engine {
npm warn EBADENGINE   package: 'metro@0.83.3',
npm warn EBADENGINE   required: { node: '>=20.19.4' },
npm warn EBADENGINE   current: { node: 'v20.17.0', npm: '10.8.2' }
npm warn EBADENGINE }
npm warn EBADENGINE Unsupported engine {
npm warn EBADENGINE   package: 'metro-babel-transformer@0.83.3',
npm warn EBADENGINE   required: { node: '>=20.19.4' },
npm warn EBADENGINE   current: { node: 'v20.17.0', npm: '10.8.2' }
npm warn EBADENGINE }
npm warn EBADENGINE Unsupported engine {
npm warn EBADENGINE   package: 'metro-cache@0.83.3',
npm warn EBADENGINE   required: { node: '>=20.19.4' },
npm warn EBADENGINE   current: { node: 'v20.17.0', npm: '10.8.2' }
npm warn EBADENGINE }
npm warn EBADENGINE Unsupported engine {
npm warn EBADENGINE   package: 'metro-cache-key@0.83.3',
npm warn EBADENGINE   required: { node: '>=20.19.4' },
npm warn EBADENGINE   current: { node: 'v20.17.0', npm: '10.8.2' }
npm warn EBADENGINE }
npm warn EBADENGINE Unsupported engine {
npm warn EBADENGINE   package: 'metro-config@0.83.3',
npm warn EBADENGINE   required: { node: '>=20.19.4' },
npm warn EBADENGINE   current: { node: 'v20.17.0', npm: '10.8.2' }
npm warn EBADENGINE }
npm warn EBADENGINE Unsupported engine {
npm warn EBADENGINE   package: 'metro-core@0.83.3',
npm warn EBADENGINE   required: { node: '>=20.19.4' },
npm warn EBADENGINE   current: { node: 'v20.17.0', npm: '10.8.2' }
npm warn EBADENGINE }
npm warn EBADENGINE Unsupported engine {
npm warn EBADENGINE   package: 'metro-file-map@0.83.3',
npm warn EBADENGINE   required: { node: '>=20.19.4' },
npm warn EBADENGINE   current: { node: 'v20.17.0', npm: '10.8.2' }
npm warn EBADENGINE }
npm warn EBADENGINE Unsupported engine {
npm warn EBADENGINE   package: 'metro-minify-terser@0.83.3',
npm warn EBADENGINE   required: { node: '>=20.19.4' },
npm warn EBADENGINE   current: { node: 'v20.17.0', npm: '10.8.2' }
npm warn EBADENGINE }
npm warn EBADENGINE Unsupported engine {
npm warn EBADENGINE   package: 'metro-resolver@0.83.3',
npm warn EBADENGINE   required: { node: '>=20.19.4' },
npm warn EBADENGINE   current: { node: 'v20.17.0', npm: '10.8.2' }
npm warn EBADENGINE }
npm warn EBADENGINE Unsupported engine {
npm warn EBADENGINE   package: 'metro-runtime@0.83.3',
npm warn EBADENGINE   required: { node: '>=20.19.4' },
npm warn EBADENGINE   current: { node: 'v20.17.0', npm: '10.8.2' }
npm warn EBADENGINE }
npm warn EBADENGINE Unsupported engine {
npm warn EBADENGINE   package: 'metro-source-map@0.83.3',
npm warn EBADENGINE   required: { node: '>=20.19.4' },
npm warn EBADENGINE   current: { node: 'v20.17.0', npm: '10.8.2' }
npm warn EBADENGINE }
npm warn EBADENGINE Unsupported engine {
npm warn EBADENGINE   package: 'metro-symbolicate@0.83.3',
npm warn EBADENGINE   required: { node: '>=20.19.4' },
npm warn EBADENGINE   current: { node: 'v20.17.0', npm: '10.8.2' }
npm warn EBADENGINE }
npm warn EBADENGINE Unsupported engine {
npm warn EBADENGINE   package: 'metro-transform-plugins@0.83.3',
npm warn EBADENGINE   required: { node: '>=20.19.4' },
npm warn EBADENGINE   current: { node: 'v20.17.0', npm: '10.8.2' }
npm warn EBADENGINE }
npm warn EBADENGINE Unsupported engine {
npm warn EBADENGINE   package: 'metro-transform-worker@0.83.3',
npm warn EBADENGINE   required: { node: '>=20.19.4' },
npm warn EBADENGINE   current: { node: 'v20.17.0', npm: '10.8.2' }
npm warn EBADENGINE }
npm warn EBADENGINE Unsupported engine {
npm warn EBADENGINE   package: 'ob1@0.83.3',
npm warn EBADENGINE   required: { node: '>=20.19.4' },
npm warn EBADENGINE   current: { node: 'v20.17.0', npm: '10.8.2' }
npm warn EBADENGINE }
npm warn EBADENGINE Unsupported engine {
npm warn EBADENGINE   package: 'react-native@0.81.5',
npm warn EBADENGINE   required: { node: '>= 20.19.4' },
npm warn EBADENGINE   current: { node: 'v20.17.0', npm: '10.8.2' }
npm warn EBADENGINE }

added 5 packages, and audited 742 packages in 4s

68 packages are looking for funding
  run `npm fund` for details

found 0 vulnerabilities
› Added config plugin: @config-plugins/react-native-webrtc
DONE.
